<?xml version="1.0" encoding="UTF-8"?>
<!-- Generated by org.testng.reporters.JUnitReportReporter -->
<testsuite hostname="LAPTOP-PCN95IVM" failures="0" tests="4" name="webdriver.basics.WebdriverBasicsLocatorsTest" time="0.542" errors="0" timestamp="2023-04-12T10:32:20 IST" skipped="0">
  <testcase classname="webdriver.basics.WebdriverBasicsLocatorsTest" name="f" time="0.248"/>
  <system-out/>
  <testcase classname="webdriver.basics.WebdriverBasicsLocatorsTest" name="getInformationAboutPassword" time="0.046"/>
  <system-out/>
  <testcase classname="webdriver.basics.WebdriverBasicsLocatorsTest" name="getInformationAboutSubmitButton" time="0.069"/>
  <system-out/>
  <testcase classname="webdriver.basics.WebdriverBasicsLocatorsTest" name="getInformationAboutName" time="0.179"/>
  <system-out/>
</testsuite> <!-- webdriver.basics.WebdriverBasicsLocatorsTest -->
