<?xml version="1.0" encoding="UTF-8"?>
<!-- Generated by org.testng.reporters.JUnitReportReporter -->
<testsuite hostname="LAPTOP-PCN95IVM" failures="0" tests="1" name="webdriver.basics.WebdriverBasicsLocatorswithClassTest" time="1.993" errors="0" timestamp="2023-04-12T17:49:09 IST" skipped="0">
  <testcase classname="webdriver.basics.WebdriverBasicsLocatorswithClassTest" name="testHugeTextElements" time="1.993"/>
  <system-out/>
</testsuite> <!-- webdriver.basics.WebdriverBasicsLocatorswithClassTest -->
