<?xml version="1.0" encoding="UTF-8"?>
<!-- Generated by org.testng.reporters.JUnitReportReporter -->
<testsuite hostname="LAPTOP-PCN95IVM" failures="0" tests="4" name="webdriver.basics.WebdriverBasicsLocatorswithIDTest" time="0.568" errors="0" timestamp="2023-04-12T14:28:58 IST" skipped="0">
  <testcase classname="webdriver.basics.WebdriverBasicsLocatorswithIDTest" name="getInformationAboutName" time="0.171"/>
  <system-out/>
  <testcase classname="webdriver.basics.WebdriverBasicsLocatorswithIDTest" name="getInformationAboutSubmitButton" time="0.039"/>
  <system-out/>
  <testcase classname="webdriver.basics.WebdriverBasicsLocatorswithIDTest" name="getInformationAboutPassword" time="0.064"/>
  <system-out/>
  <testcase classname="webdriver.basics.WebdriverBasicsLocatorswithIDTest" name="f" time="0.294"/>
  <system-out/>
</testsuite> <!-- webdriver.basics.WebdriverBasicsLocatorswithIDTest -->
