<?xml version="1.0" encoding="UTF-8"?>
<!-- Generated by org.testng.reporters.JUnitReportReporter -->
<testsuite hostname="LAPTOP-PCN95IVM" failures="0" tests="2" name="webdriver.basics.WebdriverBasicsLocatorswithCssSelector" time="2.948" errors="0" timestamp="2023-04-12T18:13:11 IST" skipped="0">
  <testcase classname="webdriver.basics.WebdriverBasicsLocatorswithCssSelector" name="testCssSelectorTable2" time="2.505"/>
  <system-out/>
  <testcase classname="webdriver.basics.WebdriverBasicsLocatorswithCssSelector" name="testCssSelectorTable" time="0.443"/>
  <system-out/>
</testsuite> <!-- webdriver.basics.WebdriverBasicsLocatorswithCssSelector -->
