<?xml version="1.0" encoding="UTF-8"?>
<!-- Generated by org.testng.reporters.JUnitReportReporter -->
<testsuite hostname="LAPTOP-PCN95IVM" failures="0" tests="1" name="webdriver.basics.WebDriveBasicsLocatorsWithTagTest" time="6.395" errors="0" timestamp="2023-04-12T15:09:49 IST" skipped="0">
  <testcase classname="webdriver.basics.WebDriveBasicsLocatorsWithTagTest" name="getDetailsaAboutInputTags_FindAllElements_Login" time="6.395"/>
  <system-out/>
</testsuite> <!-- webdriver.basics.WebDriveBasicsLocatorsWithTagTest -->
