<?xml version="1.0" encoding="UTF-8"?>
<!-- Generated by org.testng.reporters.JUnitReportReporter -->
<testsuite hostname="LAPTOP-PCN95IVM" failures="0" tests="1" name="webdriver.basics.form.Test.FormElementsSelectTest" time="21.842" errors="0" timestamp="2023-04-13T11:45:16 IST" skipped="0">
  <testcase classname="webdriver.basics.form.Test.FormElementsSelectTest" name="setValueofMultiSelectBox" time="21.842"/>
  <system-out/>
</testsuite> <!-- webdriver.basics.form.Test.FormElementsSelectTest -->
