<?xml version="1.0" encoding="UTF-8"?>
<!-- Generated by org.testng.reporters.JUnitReportReporter -->
<testsuite hostname="LAPTOP-PCN95IVM" failures="0" tests="1" name="webdriver.login.FirstWebApplicationLoginTest" time="13.682" errors="0" timestamp="2023-04-12T15:21:59 IST" skipped="0">
  <testcase classname="webdriver.login.FirstWebApplicationLoginTest" name="login" time="13.682"/>
  <system-out/>
</testsuite> <!-- webdriver.login.FirstWebApplicationLoginTest -->
