<?xml version="1.0" encoding="UTF-8"?>
<!-- Generated by org.testng.reporters.JUnitReportReporter -->
<testsuite hostname="LAPTOP-PCN95IVM" failures="0" tests="1" name="webdriver.login.FirstWebApplicationExtendedLoginTest" time="16.909" errors="0" timestamp="2023-04-12T15:34:54 IST" skipped="0">
  <testcase classname="webdriver.login.FirstWebApplicationExtendedLoginTest" name="login" time="16.909"/>
  <system-out/>
</testsuite> <!-- webdriver.login.FirstWebApplicationExtendedLoginTest -->
