<?xml version="1.0" encoding="UTF-8"?>
<!-- Generated by org.testng.reporters.JUnitReportReporter -->
<testsuite hostname="LAPTOP-PCN95IVM" failures="0" tests="1" name="webdriver.basics.form.Test.FormElementsTest" time="12.701" errors="0" timestamp="2023-04-13T09:55:22 IST" skipped="0">
  <testcase classname="webdriver.basics.form.Test.FormElementsTest" name="writeAndReadValueFromTextArea" time="12.701"/>
  <system-out/>
</testsuite> <!-- webdriver.basics.form.Test.FormElementsTest -->
