<?xml version="1.0" encoding="UTF-8"?>
<!-- Generated by org.testng.reporters.JUnitReportReporter -->
<testsuite hostname="LAPTOP-PCN95IVM" failures="0" tests="1" name="webdriver.basics.WebdriverBasicsLocatorswithXpathSelector" time="4.667" errors="0" timestamp="2023-04-12T18:41:56 IST" skipped="0">
  <testcase classname="webdriver.basics.WebdriverBasicsLocatorswithXpathSelector" name="testXpathSelectorTable2" time="4.667"/>
  <system-out/>
</testsuite> <!-- webdriver.basics.WebdriverBasicsLocatorswithXpathSelector -->
