<?xml version="1.0" encoding="UTF-8"?>
<!-- Generated by org.testng.reporters.JUnitReportReporter -->
<testsuite hostname="LAPTOP-PCN95IVM" failures="0" tests="1" name="webdriver.basics.form.Test.FormElementsRadioButtonTest" time="8.803" errors="0" timestamp="2023-04-13T11:21:36 IST" skipped="0">
  <testcase classname="webdriver.basics.form.Test.FormElementsRadioButtonTest" name="setValueForRadioButtonwithFramwworkMethod" time="8.803"/>
  <system-out/>
</testsuite> <!-- webdriver.basics.form.Test.FormElementsRadioButtonTest -->
